app/build/intermediates/manifest_merge_blame_file/debug/manifest-merger-blame-debug-report.txt
1<?xml version="1.0" encoding="utf-8"?>
2<manifest xmlns:android="http://schemas.android.com/apk/res/android"
3    package="com.example.sharedpreferencedemo"
4    android:versionCode="1"
5    android:versionName="1.0" >
6
7    <uses-sdk
8        android:minSdkVersion="24"
8-->src\main\AndroidManifest.xml
9        android:targetSdkVersion="33" />
9-->src\main\AndroidManifest.xml
10
11    <uses-permission android:name="android.permission.INTERNET" />
11-->src\main\AndroidManifest.xml:5:5-67
11-->src\main\AndroidManifest.xml:5:22-64
12    <uses-permission android:name="android.permission.ACCESS_NETWORK_STATE" />
12-->[com.google.firebase:firebase-inappmessaging-display:20.3.1] AndroidManifest.xml:9:5-79
12-->[com.google.firebase:firebase-inappmessaging-display:20.3.1] AndroidManifest.xml:9:22-76
13
14    <queries>
14-->[com.google.firebase:firebase-inappmessaging-display:20.3.1] AndroidManifest.xml:12:5-18:15
15        <intent>
15-->[com.google.firebase:firebase-inappmessaging-display:20.3.1] AndroidManifest.xml:13:9-17:18
16            <action android:name="android.intent.action.VIEW" />
16-->[com.google.firebase:firebase-inappmessaging-display:20.3.1] AndroidManifest.xml:14:13-65
16-->[com.google.firebase:firebase-inappmessaging-display:20.3.1] AndroidManifest.xml:14:21-62
17
18            <data android:scheme="https" />
18-->[com.google.firebase:firebase-inappmessaging-display:20.3.1] AndroidManifest.xml:16:13-44
18-->[com.google.firebase:firebase-inappmessaging-display:20.3.1] AndroidManifest.xml:16:19-41
19        </intent>
20    </queries>
21
22    <uses-permission android:name="android.permission.POST_NOTIFICATIONS" />
22-->[com.google.firebase:firebase-messaging:23.1.2] AndroidManifest.xml:25:5-77
22-->[com.google.firebase:firebase-messaging:23.1.2] AndroidManifest.xml:25:22-74
23    <uses-permission android:name="android.permission.WAKE_LOCK" /> <!-- Required by older versions of Google Play services to create IID tokens -->
23-->[com.google.firebase:firebase-messaging:23.1.2] AndroidManifest.xml:26:5-68
23-->[com.google.firebase:firebase-messaging:23.1.2] AndroidManifest.xml:26:22-65
24    <uses-permission android:name="com.google.android.c2dm.permission.RECEIVE" />
24-->[com.google.firebase:firebase-messaging:23.1.2] AndroidManifest.xml:28:5-82
24-->[com.google.firebase:firebase-messaging:23.1.2] AndroidManifest.xml:28:22-79
25
26    <permission
26-->[androidx.core:core:1.9.0] AndroidManifest.xml:22:5-24:47
27        android:name="com.example.sharedpreferencedemo.DYNAMIC_RECEIVER_NOT_EXPORTED_PERMISSION"
27-->[androidx.core:core:1.9.0] AndroidManifest.xml:23:9-81
28        android:protectionLevel="signature" />
28-->[androidx.core:core:1.9.0] AndroidManifest.xml:24:9-44
29
30    <uses-permission android:name="com.example.sharedpreferencedemo.DYNAMIC_RECEIVER_NOT_EXPORTED_PERMISSION" />
30-->[androidx.core:core:1.9.0] AndroidManifest.xml:26:5-97
30-->[androidx.core:core:1.9.0] AndroidManifest.xml:26:22-94
31
32    <application
32-->src\main\AndroidManifest.xml:7:5-50:19
33        android:allowBackup="true"
33-->src\main\AndroidManifest.xml:8:9-35
34        android:appComponentFactory="androidx.core.app.CoreComponentFactory"
34-->[androidx.core:core:1.9.0] AndroidManifest.xml:28:18-86
35        android:dataExtractionRules="@xml/data_extraction_rules"
35-->src\main\AndroidManifest.xml:9:9-65
36        android:debuggable="true"
37        android:extractNativeLibs="false"
38        android:fullBackupContent="@xml/backup_rules"
38-->src\main\AndroidManifest.xml:10:9-54
39        android:icon="@mipmap/ic_launcher"
39-->src\main\AndroidManifest.xml:11:9-43
40        android:label="@string/app_name"
40-->src\main\AndroidManifest.xml:12:9-41
41        android:supportsRtl="true"
41-->src\main\AndroidManifest.xml:13:9-35
42        android:theme="@style/Theme.SharedPreferenceDemo" >
42-->src\main\AndroidManifest.xml:14:9-58
43        <activity
43-->src\main\AndroidManifest.xml:16:9-19:40
44            android:name="com.example.sharedpreferencedemo.ChatActivity"
44-->src\main\AndroidManifest.xml:17:13-41
45            android:exported="false"
45-->src\main\AndroidManifest.xml:19:13-37
46            android:windowSoftInputMode="adjustResize" />
46-->src\main\AndroidManifest.xml:18:13-55
47        <activity
47-->src\main\AndroidManifest.xml:20:9-23:40
48            android:name="com.example.sharedpreferencedemo.UsersActivity"
48-->src\main\AndroidManifest.xml:21:13-42
49            android:exported="false"
49-->src\main\AndroidManifest.xml:23:13-37
50            android:windowSoftInputMode="adjustResize" />
50-->src\main\AndroidManifest.xml:22:13-55
51        <activity
51-->src\main\AndroidManifest.xml:24:9-27:40
52            android:name="com.example.sharedpreferencedemo.MainActivity"
52-->src\main\AndroidManifest.xml:25:13-41
53            android:exported="false"
53-->src\main\AndroidManifest.xml:27:13-37
54            android:windowSoftInputMode="adjustResize" />
54-->src\main\AndroidManifest.xml:26:13-55
55        <activity
55-->src\main\AndroidManifest.xml:28:9-31:40
56            android:name="com.example.sharedpreferencedemo.SignUpActivity"
56-->src\main\AndroidManifest.xml:29:13-43
57            android:exported="false"
57-->src\main\AndroidManifest.xml:31:13-37
58            android:windowSoftInputMode="adjustResize" />
58-->src\main\AndroidManifest.xml:30:13-55
59        <activity
59-->src\main\AndroidManifest.xml:32:9-41:20
60            android:name="com.example.sharedpreferencedemo.SignInActivity"
60-->src\main\AndroidManifest.xml:33:13-43
61            android:exported="true"
61-->src\main\AndroidManifest.xml:35:13-36
62            android:windowSoftInputMode="adjustResize" >
62-->src\main\AndroidManifest.xml:34:13-55
63            <intent-filter>
63-->src\main\AndroidManifest.xml:36:13-40:29
64                <action android:name="android.intent.action.MAIN" />
64-->src\main\AndroidManifest.xml:37:17-69
64-->src\main\AndroidManifest.xml:37:25-66
65
66                <category android:name="android.intent.category.LAUNCHER" />
66-->src\main\AndroidManifest.xml:39:17-77
66-->src\main\AndroidManifest.xml:39:27-74
67            </intent-filter>
68        </activity>
69
70        <service
70-->src\main\AndroidManifest.xml:43:9-49:19
71            android:name="com.example.sharedpreferencedemo.firebase.MessagingService"
71-->src\main\AndroidManifest.xml:44:13-54
72            android:exported="true" >
72-->src\main\AndroidManifest.xml:45:13-36
73            <intent-filter>
73-->src\main\AndroidManifest.xml:46:13-48:29
74                <action android:name="com.google.firebase.MESSAGING_EVENT" />
74-->src\main\AndroidManifest.xml:47:17-78
74-->src\main\AndroidManifest.xml:47:25-75
75            </intent-filter>
76        </service>
77        <service
77-->[com.google.firebase:firebase-inappmessaging-display:20.3.1] AndroidManifest.xml:21:9-27:19
78            android:name="com.google.firebase.components.ComponentDiscoveryService"
78-->[com.google.firebase:firebase-inappmessaging-display:20.3.1] AndroidManifest.xml:22:13-84
79            android:directBootAware="true"
79-->[com.google.firebase:firebase-common:20.3.1] AndroidManifest.xml:34:13-43
80            android:exported="false" >
80-->[com.google.firebase:firebase-inappmessaging-display:20.3.1] AndroidManifest.xml:23:13-37
81            <meta-data
81-->[com.google.firebase:firebase-inappmessaging-display:20.3.1] AndroidManifest.xml:24:13-26:85
82                android:name="com.google.firebase.components:com.google.firebase.inappmessaging.display.FirebaseInAppMessagingDisplayRegistrar"
82-->[com.google.firebase:firebase-inappmessaging-display:20.3.1] AndroidManifest.xml:25:17-144
83                android:value="com.google.firebase.components.ComponentRegistrar" />
83-->[com.google.firebase:firebase-inappmessaging-display:20.3.1] AndroidManifest.xml:26:17-82
84            <meta-data
84-->[com.google.firebase:firebase-auth:21.2.0] AndroidManifest.xml:69:13-71:85
85                android:name="com.google.firebase.components:com.google.firebase.auth.FirebaseAuthRegistrar"
85-->[com.google.firebase:firebase-auth:21.2.0] AndroidManifest.xml:70:17-109
86                android:value="com.google.firebase.components.ComponentRegistrar" />
86-->[com.google.firebase:firebase-auth:21.2.0] AndroidManifest.xml:71:17-82
87            <meta-data
87-->[com.google.firebase:firebase-database:20.1.0] AndroidManifest.xml:31:13-33:85
88                android:name="com.google.firebase.components:com.google.firebase.database.DatabaseRegistrar"
88-->[com.google.firebase:firebase-database:20.1.0] AndroidManifest.xml:32:17-109
89                android:value="com.google.firebase.components.ComponentRegistrar" />
89-->[com.google.firebase:firebase-database:20.1.0] AndroidManifest.xml:33:17-82
90            <meta-data
90-->[com.google.firebase:firebase-storage:20.1.0] AndroidManifest.xml:32:13-34:85
91                android:name="com.google.firebase.components:com.google.firebase.storage.StorageRegistrar"
91-->[com.google.firebase:firebase-storage:20.1.0] AndroidManifest.xml:33:17-107
92                android:value="com.google.firebase.components.ComponentRegistrar" />
92-->[com.google.firebase:firebase-storage:20.1.0] AndroidManifest.xml:34:17-82
93            <meta-data
93-->[com.google.firebase:firebase-messaging:23.1.2] AndroidManifest.xml:55:13-57:85
94                android:name="com.google.firebase.components:com.google.firebase.messaging.FirebaseMessagingRegistrar"
94-->[com.google.firebase:firebase-messaging:23.1.2] AndroidManifest.xml:56:17-119
95                android:value="com.google.firebase.components.ComponentRegistrar" />
95-->[com.google.firebase:firebase-messaging:23.1.2] AndroidManifest.xml:57:17-82
96            <meta-data
96-->[com.google.firebase:firebase-firestore:24.4.5] AndroidManifest.xml:19:13-21:85
97                android:name="com.google.firebase.components:com.google.firebase.firestore.FirestoreRegistrar"
97-->[com.google.firebase:firebase-firestore:24.4.5] AndroidManifest.xml:20:17-111
98                android:value="com.google.firebase.components.ComponentRegistrar" />
98-->[com.google.firebase:firebase-firestore:24.4.5] AndroidManifest.xml:21:17-82
99            <meta-data
99-->[com.google.firebase:firebase-inappmessaging:20.3.1] AndroidManifest.xml:16:13-18:85
100                android:name="com.google.firebase.components:com.google.firebase.inappmessaging.FirebaseInAppMessagingRegistrar"
100-->[com.google.firebase:firebase-inappmessaging:20.3.1] AndroidManifest.xml:17:17-129
101                android:value="com.google.firebase.components.ComponentRegistrar" />
101-->[com.google.firebase:firebase-inappmessaging:20.3.1] AndroidManifest.xml:18:17-82
102            <meta-data
102-->[com.google.firebase:firebase-datatransport:18.1.7] AndroidManifest.xml:27:13-29:85
103                android:name="com.google.firebase.components:com.google.firebase.datatransport.TransportRegistrar"
103-->[com.google.firebase:firebase-datatransport:18.1.7] AndroidManifest.xml:28:17-115
104                android:value="com.google.firebase.components.ComponentRegistrar" />
104-->[com.google.firebase:firebase-datatransport:18.1.7] AndroidManifest.xml:29:17-82
105            <meta-data
105-->[com.google.firebase:firebase-installations:17.1.3] AndroidManifest.xml:17:13-19:85
106                android:name="com.google.firebase.components:com.google.firebase.installations.FirebaseInstallationsRegistrar"
106-->[com.google.firebase:firebase-installations:17.1.3] AndroidManifest.xml:18:17-127
107                android:value="com.google.firebase.components.ComponentRegistrar" />
107-->[com.google.firebase:firebase-installations:17.1.3] AndroidManifest.xml:19:17-82
108            <meta-data
108-->[com.google.firebase:firebase-abt:21.1.1] AndroidManifest.xml:12:13-14:85
109                android:name="com.google.firebase.components:com.google.firebase.abt.component.AbtRegistrar"
109-->[com.google.firebase:firebase-abt:21.1.1] AndroidManifest.xml:13:17-109
110                android:value="com.google.firebase.components.ComponentRegistrar" />
110-->[com.google.firebase:firebase-abt:21.1.1] AndroidManifest.xml:14:17-82
111        </service>
112
113        <activity
113-->[com.google.firebase:firebase-auth:21.2.0] AndroidManifest.xml:29:9-46:20
114            android:name="com.google.firebase.auth.internal.GenericIdpActivity"
114-->[com.google.firebase:firebase-auth:21.2.0] AndroidManifest.xml:30:13-80
115            android:excludeFromRecents="true"
115-->[com.google.firebase:firebase-auth:21.2.0] AndroidManifest.xml:31:13-46
116            android:exported="true"
116-->[com.google.firebase:firebase-auth:21.2.0] AndroidManifest.xml:32:13-36
117            android:launchMode="singleTask"
117-->[com.google.firebase:firebase-auth:21.2.0] AndroidManifest.xml:33:13-44
118            android:theme="@android:style/Theme.Translucent.NoTitleBar" >
118-->[com.google.firebase:firebase-auth:21.2.0] AndroidManifest.xml:34:13-72
119            <intent-filter>
119-->[com.google.firebase:firebase-auth:21.2.0] AndroidManifest.xml:35:13-45:29
120                <action android:name="android.intent.action.VIEW" />
120-->[com.google.firebase:firebase-inappmessaging-display:20.3.1] AndroidManifest.xml:14:13-65
120-->[com.google.firebase:firebase-inappmessaging-display:20.3.1] AndroidManifest.xml:14:21-62
121
122                <category android:name="android.intent.category.DEFAULT" />
122-->[com.google.firebase:firebase-auth:21.2.0] AndroidManifest.xml:38:17-76
122-->[com.google.firebase:firebase-auth:21.2.0] AndroidManifest.xml:38:27-73
123                <category android:name="android.intent.category.BROWSABLE" />
123-->[com.google.firebase:firebase-auth:21.2.0] AndroidManifest.xml:39:17-78
123-->[com.google.firebase:firebase-auth:21.2.0] AndroidManifest.xml:39:27-75
124
125                <data
125-->[com.google.firebase:firebase-inappmessaging-display:20.3.1] AndroidManifest.xml:16:13-44
126                    android:host="firebase.auth"
127                    android:path="/"
128                    android:scheme="genericidp" />
128-->[com.google.firebase:firebase-inappmessaging-display:20.3.1] AndroidManifest.xml:16:19-41
129            </intent-filter>
130        </activity>
131        <activity
131-->[com.google.firebase:firebase-auth:21.2.0] AndroidManifest.xml:47:9-64:20
132            android:name="com.google.firebase.auth.internal.RecaptchaActivity"
132-->[com.google.firebase:firebase-auth:21.2.0] AndroidManifest.xml:48:13-79
133            android:excludeFromRecents="true"
133-->[com.google.firebase:firebase-auth:21.2.0] AndroidManifest.xml:49:13-46
134            android:exported="true"
134-->[com.google.firebase:firebase-auth:21.2.0] AndroidManifest.xml:50:13-36
135            android:launchMode="singleTask"
135-->[com.google.firebase:firebase-auth:21.2.0] AndroidManifest.xml:51:13-44
136            android:theme="@android:style/Theme.Translucent.NoTitleBar" >
136-->[com.google.firebase:firebase-auth:21.2.0] AndroidManifest.xml:52:13-72
137            <intent-filter>
137-->[com.google.firebase:firebase-auth:21.2.0] AndroidManifest.xml:53:13-63:29
138                <action android:name="android.intent.action.VIEW" />
138-->[com.google.firebase:firebase-inappmessaging-display:20.3.1] AndroidManifest.xml:14:13-65
138-->[com.google.firebase:firebase-inappmessaging-display:20.3.1] AndroidManifest.xml:14:21-62
139
140                <category android:name="android.intent.category.DEFAULT" />
140-->[com.google.firebase:firebase-auth:21.2.0] AndroidManifest.xml:38:17-76
140-->[com.google.firebase:firebase-auth:21.2.0] AndroidManifest.xml:38:27-73
141                <category android:name="android.intent.category.BROWSABLE" />
141-->[com.google.firebase:firebase-auth:21.2.0] AndroidManifest.xml:39:17-78
141-->[com.google.firebase:firebase-auth:21.2.0] AndroidManifest.xml:39:27-75
142
143                <data
143-->[com.google.firebase:firebase-inappmessaging-display:20.3.1] AndroidManifest.xml:16:13-44
144                    android:host="firebase.auth"
145                    android:path="/"
146                    android:scheme="recaptcha" />
146-->[com.google.firebase:firebase-inappmessaging-display:20.3.1] AndroidManifest.xml:16:19-41
147            </intent-filter>
148        </activity>
149
150        <receiver
150-->[com.google.firebase:firebase-messaging:23.1.2] AndroidManifest.xml:31:9-38:20
151            android:name="com.google.firebase.iid.FirebaseInstanceIdReceiver"
151-->[com.google.firebase:firebase-messaging:23.1.2] AndroidManifest.xml:32:13-78
152            android:exported="true"
152-->[com.google.firebase:firebase-messaging:23.1.2] AndroidManifest.xml:33:13-36
153            android:permission="com.google.android.c2dm.permission.SEND" >
153-->[com.google.firebase:firebase-messaging:23.1.2] AndroidManifest.xml:34:13-73
154            <intent-filter>
154-->[com.google.firebase:firebase-messaging:23.1.2] AndroidManifest.xml:35:13-37:29
155                <action android:name="com.google.android.c2dm.intent.RECEIVE" />
155-->[com.google.firebase:firebase-messaging:23.1.2] AndroidManifest.xml:36:17-81
155-->[com.google.firebase:firebase-messaging:23.1.2] AndroidManifest.xml:36:25-78
156            </intent-filter>
157        </receiver>
158        <!--
159             FirebaseMessagingService performs security checks at runtime,
160             but set to not exported to explicitly avoid allowing another app to call it.
161        -->
162        <service
162-->[com.google.firebase:firebase-messaging:23.1.2] AndroidManifest.xml:44:9-51:19
163            android:name="com.google.firebase.messaging.FirebaseMessagingService"
163-->[com.google.firebase:firebase-messaging:23.1.2] AndroidManifest.xml:45:13-82
164            android:directBootAware="true"
164-->[com.google.firebase:firebase-messaging:23.1.2] AndroidManifest.xml:46:13-43
165            android:exported="false" >
165-->[com.google.firebase:firebase-messaging:23.1.2] AndroidManifest.xml:47:13-37
166            <intent-filter android:priority="-500" >
166-->src\main\AndroidManifest.xml:46:13-48:29
167                <action android:name="com.google.firebase.MESSAGING_EVENT" />
167-->src\main\AndroidManifest.xml:47:17-78
167-->src\main\AndroidManifest.xml:47:25-75
168            </intent-filter>
169        </service>
170
171        <activity
171-->[com.google.android.gms:play-services-base:18.0.1] AndroidManifest.xml:20:9-22:45
172            android:name="com.google.android.gms.common.api.GoogleApiActivity"
172-->[com.google.android.gms:play-services-base:18.0.1] AndroidManifest.xml:20:19-85
173            android:exported="false"
173-->[com.google.android.gms:play-services-base:18.0.1] AndroidManifest.xml:22:19-43
174            android:theme="@android:style/Theme.Translucent.NoTitleBar" />
174-->[com.google.android.gms:play-services-base:18.0.1] AndroidManifest.xml:21:19-78
175
176        <provider
176-->[com.google.firebase:firebase-common:20.3.1] AndroidManifest.xml:25:9-30:39
177            android:name="com.google.firebase.provider.FirebaseInitProvider"
177-->[com.google.firebase:firebase-common:20.3.1] AndroidManifest.xml:26:13-77
178            android:authorities="com.example.sharedpreferencedemo.firebaseinitprovider"
178-->[com.google.firebase:firebase-common:20.3.1] AndroidManifest.xml:27:13-72
179            android:directBootAware="true"
179-->[com.google.firebase:firebase-common:20.3.1] AndroidManifest.xml:28:13-43
180            android:exported="false"
180-->[com.google.firebase:firebase-common:20.3.1] AndroidManifest.xml:29:13-37
181            android:initOrder="100" />
181-->[com.google.firebase:firebase-common:20.3.1] AndroidManifest.xml:30:13-36
182
183        <meta-data
183-->[com.google.android.gms:play-services-basement:18.1.0] AndroidManifest.xml:21:9-23:69
184            android:name="com.google.android.gms.version"
184-->[com.google.android.gms:play-services-basement:18.1.0] AndroidManifest.xml:22:13-58
185            android:value="@integer/google_play_services_version" />
185-->[com.google.android.gms:play-services-basement:18.1.0] AndroidManifest.xml:23:13-66
186
187        <provider
187-->[androidx.emoji2:emoji2:1.2.0] AndroidManifest.xml:24:9-32:20
188            android:name="androidx.startup.InitializationProvider"
188-->[androidx.emoji2:emoji2:1.2.0] AndroidManifest.xml:25:13-67
189            android:authorities="com.example.sharedpreferencedemo.androidx-startup"
189-->[androidx.emoji2:emoji2:1.2.0] AndroidManifest.xml:26:13-68
190            android:exported="false" >
190-->[androidx.emoji2:emoji2:1.2.0] AndroidManifest.xml:27:13-37
191            <meta-data
191-->[androidx.emoji2:emoji2:1.2.0] AndroidManifest.xml:29:13-31:52
192                android:name="androidx.emoji2.text.EmojiCompatInitializer"
192-->[androidx.emoji2:emoji2:1.2.0] AndroidManifest.xml:30:17-75
193                android:value="androidx.startup" />
193-->[androidx.emoji2:emoji2:1.2.0] AndroidManifest.xml:31:17-49
194            <meta-data
194-->[androidx.lifecycle:lifecycle-process:2.4.1] AndroidManifest.xml:31:13-33:52
195                android:name="androidx.lifecycle.ProcessLifecycleInitializer"
195-->[androidx.lifecycle:lifecycle-process:2.4.1] AndroidManifest.xml:32:17-78
196                android:value="androidx.startup" />
196-->[androidx.lifecycle:lifecycle-process:2.4.1] AndroidManifest.xml:33:17-49
197        </provider>
198
199        <service
199-->[com.google.android.datatransport:transport-backend-cct:3.1.8] AndroidManifest.xml:28:9-34:19
200            android:name="com.google.android.datatransport.runtime.backends.TransportBackendDiscovery"
200-->[com.google.android.datatransport:transport-backend-cct:3.1.8] AndroidManifest.xml:29:13-103
201            android:exported="false" >
201-->[com.google.android.datatransport:transport-backend-cct:3.1.8] AndroidManifest.xml:30:13-37
202            <meta-data
202-->[com.google.android.datatransport:transport-backend-cct:3.1.8] AndroidManifest.xml:31:13-33:39
203                android:name="backend:com.google.android.datatransport.cct.CctBackendFactory"
203-->[com.google.android.datatransport:transport-backend-cct:3.1.8] AndroidManifest.xml:32:17-94
204                android:value="cct" />
204-->[com.google.android.datatransport:transport-backend-cct:3.1.8] AndroidManifest.xml:33:17-36
205        </service>
206        <service
206-->[com.google.android.datatransport:transport-runtime:3.1.8] AndroidManifest.xml:26:9-30:19
207            android:name="com.google.android.datatransport.runtime.scheduling.jobscheduling.JobInfoSchedulerService"
207-->[com.google.android.datatransport:transport-runtime:3.1.8] AndroidManifest.xml:27:13-117
208            android:exported="false"
208-->[com.google.android.datatransport:transport-runtime:3.1.8] AndroidManifest.xml:28:13-37
209            android:permission="android.permission.BIND_JOB_SERVICE" >
209-->[com.google.android.datatransport:transport-runtime:3.1.8] AndroidManifest.xml:29:13-69
210        </service>
211
212        <receiver
212-->[com.google.android.datatransport:transport-runtime:3.1.8] AndroidManifest.xml:32:9-34:40
213            android:name="com.google.android.datatransport.runtime.scheduling.jobscheduling.AlarmManagerSchedulerBroadcastReceiver"
213-->[com.google.android.datatransport:transport-runtime:3.1.8] AndroidManifest.xml:33:13-132
214            android:exported="false" />
214-->[com.google.android.datatransport:transport-runtime:3.1.8] AndroidManifest.xml:34:13-37
215    </application>
216
217</manifest>